2023-03-15 09:50:09 info: =================================
2023-03-15 09:50:09 info: ======= ENV: development =======
2023-03-15 09:50:09 info: 🚀 App listening on the port 3000
2023-03-15 09:50:09 info: =================================
2023-03-15 15:16:12 info: =================================
2023-03-15 15:16:12 info: ======= ENV: development =======
2023-03-15 15:16:12 info: 🚀 App listening on the port 3000
2023-03-15 15:16:12 info: =================================
2023-03-15 15:18:00 info: =================================
2023-03-15 15:18:00 info: ======= ENV: development =======
2023-03-15 15:18:00 info: 🚀 App listening on the port 3000
2023-03-15 15:18:00 info: =================================
2023-03-15 15:18:21 info: [0mGET / [32m200[0m 7.890 ms - 2[0m
2023-03-15 15:18:22 info: [0mGET /favicon.ico [33m404[0m 3.377 ms - 150[0m
2023-03-15 15:18:22 info: [0mGET /favicon.ico [33m404[0m 2.109 ms - 150[0m
2023-03-15 15:18:23 info: [0mGET /favicon.ico [33m404[0m 0.748 ms - 150[0m
2023-03-15 15:20:47 info: =================================
2023-03-15 15:20:47 info: ======= ENV: development =======
2023-03-15 15:20:47 info: 🚀 App listening on the port 3000
2023-03-15 15:20:47 info: =================================
2023-03-15 15:21:53 info: =================================
2023-03-15 15:21:53 info: ======= ENV: development =======
2023-03-15 15:21:53 info: 🚀 App listening on the port 3000
2023-03-15 15:21:53 info: =================================
2023-03-15 15:22:08 info: =================================
2023-03-15 15:22:08 info: ======= ENV: development =======
2023-03-15 15:22:08 info: 🚀 App listening on the port 3000
2023-03-15 15:22:08 info: =================================
2023-03-15 15:22:28 info: =================================
2023-03-15 15:22:28 info: ======= ENV: development =======
2023-03-15 15:22:28 info: 🚀 App listening on the port 3000
2023-03-15 15:22:28 info: =================================
2023-03-15 15:22:35 info: [0mGET /index [33m404[0m 5.241 ms - 144[0m
2023-03-15 15:22:35 info: [0mGET /favicon.ico [33m404[0m 2.692 ms - 150[0m
2023-03-15 15:22:37 info: [0mGET /favicon.ico [33m404[0m 0.838 ms - 150[0m
2023-03-15 15:22:38 info: [0mGET /index/ [33m404[0m 1.101 ms - 145[0m
2023-03-15 15:22:38 info: [0mGET /favicon.ico [33m404[0m 0.973 ms - 150[0m
2023-03-15 15:22:39 info: [0mGET /favicon.ico [33m404[0m 0.530 ms - 150[0m
2023-03-15 15:23:19 info: =================================
2023-03-15 15:23:19 info: ======= ENV: development =======
2023-03-15 15:23:19 info: 🚀 App listening on the port 3000
2023-03-15 15:23:19 info: =================================
2023-03-15 15:23:23 info: [0mGET /index/ [32m200[0m 4.550 ms - 7[0m
2023-03-15 15:23:23 error: [GET] /index/ >> StatusCode:: 500, Message:: Cannot set headers after they are sent to the client
2023-03-15 15:23:23 info: [0mGET /favicon.ico [33m404[0m 5.323 ms - 150[0m
2023-03-15 15:23:24 info: [0mGET /favicon.ico [33m404[0m 1.064 ms - 150[0m
2023-03-15 15:23:46 info: =================================
2023-03-15 15:23:46 info: ======= ENV: development =======
2023-03-15 15:23:46 info: 🚀 App listening on the port 3000
2023-03-15 15:23:46 info: =================================
2023-03-15 15:23:54 info: =================================
2023-03-15 15:23:54 info: ======= ENV: development =======
2023-03-15 15:23:54 info: 🚀 App listening on the port 3000
2023-03-15 15:23:54 info: =================================
2023-03-15 15:23:54 info: [0mGET /index/ [36m304[0m 3.798 ms - -[0m
2023-03-15 15:23:55 info: [0mGET /favicon.ico [33m404[0m 4.098 ms - 150[0m
2023-03-15 15:23:56 info: [0mGET /favicon.ico [33m404[0m 2.629 ms - 150[0m
2023-03-15 15:24:03 info: [0mGET /index [32m200[0m 0.764 ms - 7[0m
2023-03-15 15:24:03 info: [0mGET /favicon.ico [33m404[0m 1.240 ms - 150[0m
2023-03-15 15:24:04 info: [0mGET /favicon.ico [33m404[0m 1.004 ms - 150[0m
2023-03-15 15:25:20 info: =================================
2023-03-15 15:25:20 info: ======= ENV: development =======
2023-03-15 15:25:20 info: 🚀 App listening on the port 3000
2023-03-15 15:25:20 info: =================================
2023-03-15 15:27:23 info: =================================
2023-03-15 15:27:23 info: ======= ENV: development =======
2023-03-15 15:27:23 info: 🚀 App listening on the port 3000
2023-03-15 15:27:23 info: =================================
2023-03-15 15:27:28 info: =================================
2023-03-15 15:27:28 info: ======= ENV: development =======
2023-03-15 15:27:28 info: 🚀 App listening on the port 3000
2023-03-15 15:27:28 info: =================================
2023-03-15 15:27:29 info: [0mGET /index [36m304[0m 3.690 ms - -[0m
2023-03-15 15:27:29 info: [0mGET /favicon.ico [33m404[0m 4.162 ms - 150[0m
2023-03-15 15:27:30 info: [0mGET /favicon.ico [33m404[0m 0.866 ms - 150[0m
2023-03-15 15:27:35 info: [0mGET /index [36m304[0m 1.205 ms - -[0m
2023-03-15 15:27:35 info: [0mGET /favicon.ico [33m404[0m 0.957 ms - 150[0m
2023-03-15 15:27:36 info: [0mGET /favicon.ico [33m404[0m 0.664 ms - 150[0m
2023-03-15 15:35:38 info: =================================
2023-03-15 15:35:38 info: ======= ENV: development =======
2023-03-15 15:35:38 info: 🚀 App listening on the port 3000
2023-03-15 15:35:38 info: =================================
